2014-06-01 19:59:46,189 - [INFO] - from play in pool-15-thread-5 
Listening for HTTP on /0:0:0:0:0:0:0:0:9000

2014-06-01 20:00:09,379 - [INFO] - from play in play-internal-execution-context-1 
datasource [jdbc:h2:~/dblab4;DB_CLOSE_DELAY=-1;AUTO_SERVER=TRUE;AUTO_SERVER_PORT=9333] bound to JNDI as DefaultDS

2014-06-01 20:00:09,408 - [INFO] - from play in play-internal-execution-context-1 
database [default] connected at jdbc:h2:~/dblab4

2014-06-01 20:00:11,742 - [INFO] - from application in play-internal-execution-context-1 
Data from json file 'data.json' inserted.

2014-06-01 20:00:11,771 - [INFO] - from play in play-internal-execution-context-1 
Application started (Dev)

2014-06-01 20:00:35,630 - [INFO] - from application in play-akka.actor.default-dispatcher-9 
Start game with 5 categories.

2014-06-01 20:00:58,592 - [DEBUG] - from application in play-akka.actor.default-dispatcher-12 
Connecting to Twitter...

2014-06-01 20:00:58,593 - [DEBUG] - from application in play-akka.actor.default-dispatcher-12 
Creating Status Message...
Sun Jun 01 20:00:58 CEST 2014: User Spieler 2 publizierte folgende UUID am Highscoreboard: 401a98a0-fffa-4006-bfee-d26fa3345d15

2014-06-01 20:00:59,288 - [DEBUG] - from application in play-akka.actor.default-dispatcher-12 
Highscore was tweeted successfully!

2014-06-01 20:00:59,288 - [DEBUG] - from application in play-akka.actor.default-dispatcher-12 
Result successfully posted on Highscoreservice with UIDD: 401a98a0-fffa-4006-bfee-d26fa3345d15

